<?xml version="1.0" encoding="UTF-8"?>
<testsuite name="test.lab.UnauthorizedClientTests.SectionMediaTest" tests="4" skipped="0" failures="0" errors="0" timestamp="2021-04-27T18:37:15" hostname="avu-EasyNote-TJ75" time="34.344">
  <properties/>
  <testcase name="openArt()" classname="test.lab.UnauthorizedClientTests.SectionMediaTest" time="9.42"/>
  <testcase name="openComic()" classname="test.lab.UnauthorizedClientTests.SectionMediaTest" time="4.67"/>
  <testcase name="openModel()" classname="test.lab.UnauthorizedClientTests.SectionMediaTest" time="9.914"/>
  <testcase name="openVideo()" classname="test.lab.UnauthorizedClientTests.SectionMediaTest" time="10.327"/>
  <system-out><![CDATA[]]></system-out>
  <system-err><![CDATA[Starting ChromeDriver 90.0.4430.85 (5bc145d831c180d9ff94f29a0d7a2e1cbd30ef36-refs/branch-heads/4430@{#1311}) on port 22787
Only local connections are allowed.
Please see https://chromedriver.chromium.org/security-considerations for suggestions on keeping ChromeDriver safe.
ChromeDriver was started successfully.
апр 27, 2021 9:37:00 PM org.openqa.selenium.remote.ProtocolHandshake createSession
INFO: Detected dialect: W3C
]]></system-err>
</testsuite>
