<?xml version="1.0" encoding="UTF-8"?>
<testsuite name="test.lab.UnauthorizedClientTests.OpenSectionsTest" tests="1" skipped="0" failures="0" errors="0" timestamp="2021-04-26T22:25:52" hostname="avu-EasyNote-TJ75" time="83.25">
  <properties/>
  <testcase name="openSections()" classname="test.lab.UnauthorizedClientTests.OpenSectionsTest" time="83.25"/>
  <system-out><![CDATA[]]></system-out>
  <system-err><![CDATA[Starting ChromeDriver 90.0.4430.85 (5bc145d831c180d9ff94f29a0d7a2e1cbd30ef36-refs/branch-heads/4430@{#1311}) on port 23341
Only local connections are allowed.
Please see https://chromedriver.chromium.org/security-considerations for suggestions on keeping ChromeDriver safe.
ChromeDriver was started successfully.
апр 27, 2021 1:25:44 AM org.openqa.selenium.remote.ProtocolHandshake createSession
INFO: Detected dialect: W3C
]]></system-err>
</testsuite>
